{"C:\\Users\\user\\articles-app\\App.js": {"path":"C:\\Users\\user\\articles-app\\App.js","statementMap":{"0":{"start":{"line":16,"column":36},"end":{"line":16,"column":51}},"1":{"start":{"line":18,"column":2},"end":{"line":25,"column":33}},"2":{"start":{"line":18,"column":8},"end":{"line":24,"column":7}},"3":{"start":{"line":24,"column":8},"end":{"line":24,"column":28}},"4":{"start":{"line":25,"column":20},"end":{"line":25,"column":32}},"5":{"start":{"line":27,"column":0},"end":{"line":27,"column":42}},"6":{"start":{"line":27,"column":16},"end":{"line":27,"column":28}},"7":{"start":{"line":27,"column":29},"end":{"line":27,"column":41}},"8":{"start":{"line":28,"column":2},"end":{"line":32,"column":4}}},"fnMap":{"0":{"name":"App","decl":{"start":{"line":14,"column":24},"end":{"line":14,"column":27}},"loc":{"start":{"line":14,"column":30},"end":{"line":33,"column":1}},"line":14},"1":{"name":"loadFonts","decl":{"start":{"line":17,"column":15},"end":{"line":17,"column":24}},"loc":{"start":{"line":17,"column":27},"end":{"line":26,"column":1}},"line":17}},"branchMap":{"0":{"loc":{"start":{"line":27,"column":0},"end":{"line":27,"column":42}},"type":"if","locations":[{"start":{"line":27,"column":0},"end":{"line":27,"column":42}},{"start":{},"end":{}}],"line":27}},"s":{"0":1,"1":1,"2":1,"3":0,"4":0,"5":1,"6":1,"7":1,"8":0},"f":{"0":1,"1":1},"b":{"0":[1,0]},"_coverageSchema":"1a1c01bbd47fc00a2c39e90264f33305004495a9","hash":"d3ab5a80c481c88038a9a9a200ce446070bd0c98"}
,"C:\\Users\\user\\articles-app\\ErrorBoundary.js": {"path":"C:\\Users\\user\\articles-app\\ErrorBoundary.js","statementMap":{"0":{"start":{"line":3,"column":6},"end":{"line":3,"column":23}},"1":{"start":{"line":4,"column":6},"end":{"line":4,"column":39}},"2":{"start":{"line":9,"column":6},"end":{"line":9,"column":32}},"3":{"start":{"line":12,"column":41},"end":{"line":12,"column":73}},"4":{"start":{"line":18,"column":6},"end":{"line":21,"column":7}},"5":{"start":{"line":20,"column":8},"end":{"line":20,"column":36}},"6":{"start":{"line":23,"column":6},"end":{"line":23,"column":33}}},"fnMap":{"0":{"name":"(anonymous_0)","decl":{"start":{"line":2,"column":4},"end":{"line":2,"column":5}},"loc":{"start":{"line":2,"column":23},"end":{"line":5,"column":5}},"line":2},"1":{"name":"(anonymous_1)","decl":{"start":{"line":7,"column":4},"end":{"line":7,"column":5}},"loc":{"start":{"line":7,"column":43},"end":{"line":10,"column":5}},"line":7},"2":{"name":"(anonymous_2)","decl":{"start":{"line":12,"column":4},"end":{"line":12,"column":5}},"loc":{"start":{"line":12,"column":40},"end":{"line":15,"column":5}},"line":12},"3":{"name":"(anonymous_3)","decl":{"start":{"line":17,"column":4},"end":{"line":17,"column":5}},"loc":{"start":{"line":17,"column":13},"end":{"line":24,"column":5}},"line":17}},"branchMap":{"0":{"loc":{"start":{"line":18,"column":6},"end":{"line":21,"column":7}},"type":"if","locations":[{"start":{"line":18,"column":6},"end":{"line":21,"column":7}},{"start":{},"end":{}}],"line":18}},"s":{"0":0,"1":0,"2":0,"3":0,"4":0,"5":0,"6":0},"f":{"0":0,"1":0,"2":0,"3":0},"b":{"0":[0,0]}}
,"C:\\Users\\user\\articles-app\\components\\dashboard\\DashboardForm.js": {"path":"C:\\Users\\user\\articles-app\\components\\dashboard\\DashboardForm.js","statementMap":{"0":{"start":{"line":13,"column":22},"end":{"line":48,"column":1}},"1":{"start":{"line":14,"column":21},"end":{"line":14,"column":74}},"2":{"start":{"line":14,"column":42},"end":{"line":14,"column":73}},"3":{"start":{"line":15,"column":21},"end":{"line":15,"column":34}},"4":{"start":{"line":17,"column":30},"end":{"line":17,"column":42}},"5":{"start":{"line":19,"column":12},"end":{"line":19,"column":59}},"6":{"start":{"line":20,"column":12},"end":{"line":20,"column":42}},"7":{"start":{"line":21,"column":36},"end":{"line":21,"column":49}},"8":{"start":{"line":21,"column":50},"end":{"line":21,"column":74}},"9":{"start":{"line":23,"column":29},"end":{"line":23,"column":109}},"10":{"start":{"line":23,"column":42},"end":{"line":23,"column":108}},"11":{"start":{"line":24,"column":26},"end":{"line":24,"column":70}},"12":{"start":{"line":24,"column":40},"end":{"line":24,"column":57}},"13":{"start":{"line":25,"column":4},"end":{"line":46,"column":6}},"14":{"start":{"line":33,"column":47},"end":{"line":33,"column":52}},"15":{"start":{"line":51,"column":15},"end":{"line":58,"column":1}}},"fnMap":{"0":{"name":"(anonymous_0)","decl":{"start":{"line":13,"column":22},"end":{"line":13,"column":23}},"loc":{"start":{"line":13,"column":32},"end":{"line":48,"column":1}},"line":13},"1":{"name":"(anonymous_1)","decl":{"start":{"line":14,"column":33},"end":{"line":14,"column":34}},"loc":{"start":{"line":14,"column":42},"end":{"line":14,"column":73}},"line":14},"2":{"name":"searchChangeHandler","decl":{"start":{"line":18,"column":13},"end":{"line":18,"column":32}},"loc":{"start":{"line":18,"column":46},"end":{"line":20,"column":43}},"line":18},"3":{"name":"onDeletePressHandler","decl":{"start":{"line":21,"column":13},"end":{"line":21,"column":33}},"loc":{"start":{"line":21,"column":35},"end":{"line":21,"column":75}},"line":21},"4":{"name":"(anonymous_4)","decl":{"start":{"line":23,"column":29},"end":{"line":23,"column":30}},"loc":{"start":{"line":23,"column":41},"end":{"line":23,"column":109}},"line":23},"5":{"name":"(anonymous_5)","decl":{"start":{"line":24,"column":34},"end":{"line":24,"column":35}},"loc":{"start":{"line":24,"column":40},"end":{"line":24,"column":57}},"line":24},"6":{"name":"(anonymous_6)","decl":{"start":{"line":33,"column":32},"end":{"line":33,"column":33}},"loc":{"start":{"line":33,"column":47},"end":{"line":33,"column":52}},"line":33}},"branchMap":{},"s":{"0":1,"1":0,"2":0,"3":0,"4":0,"5":0,"6":0,"7":0,"8":0,"9":0,"10":0,"11":0,"12":0,"13":0,"14":0,"15":1},"f":{"0":0,"1":0,"2":0,"3":0,"4":0,"5":0,"6":0},"b":{},"_coverageSchema":"1a1c01bbd47fc00a2c39e90264f33305004495a9","hash":"9ad93d0bd4d4f2766338233580bdcfbe9dc7117d"}
,"C:\\Users\\user\\articles-app\\components\\dashboard\\Header.js": {"path":"C:\\Users\\user\\articles-app\\components\\dashboard\\Header.js","statementMap":{"0":{"start":{"line":13,"column":15},"end":{"line":38,"column":1}},"1":{"start":{"line":14,"column":23},"end":{"line":14,"column":38}},"2":{"start":{"line":15,"column":4},"end":{"line":37,"column":4}},"3":{"start":{"line":19,"column":38},"end":{"line":19,"column":63}},"4":{"start":{"line":41,"column":15},"end":{"line":68,"column":1}}},"fnMap":{"0":{"name":"(anonymous_0)","decl":{"start":{"line":13,"column":15},"end":{"line":13,"column":16}},"loc":{"start":{"line":13,"column":26},"end":{"line":38,"column":1}},"line":13},"1":{"name":"(anonymous_1)","decl":{"start":{"line":19,"column":34},"end":{"line":19,"column":35}},"loc":{"start":{"line":19,"column":38},"end":{"line":19,"column":63}},"line":19}},"branchMap":{},"s":{"0":1,"1":0,"2":0,"3":0,"4":1},"f":{"0":0,"1":0},"b":{},"_coverageSchema":"1a1c01bbd47fc00a2c39e90264f33305004495a9","hash":"0a101c2bf638251dc61cbc1b1efffe0197aace4c"}
,"C:\\Users\\user\\articles-app\\components\\dashboard\\ListItem.js": {"path":"C:\\Users\\user\\articles-app\\components\\dashboard\\ListItem.js","statementMap":{"0":{"start":{"line":9,"column":33},"end":{"line":9,"column":58}},"1":{"start":{"line":10,"column":22},"end":{"line":10,"column":95}},"2":{"start":{"line":12,"column":17},"end":{"line":46,"column":1}},"3":{"start":{"line":13,"column":19},"end":{"line":13,"column":43}},"4":{"start":{"line":14,"column":24},"end":{"line":14,"column":45}},"5":{"start":{"line":15,"column":19},"end":{"line":15,"column":90}},"6":{"start":{"line":16,"column":4},"end":{"line":45,"column":6}},"7":{"start":{"line":48,"column":15},"end":{"line":88,"column":1}}},"fnMap":{"0":{"name":"getFormattedDate","decl":{"start":{"line":9,"column":9},"end":{"line":9,"column":25}},"loc":{"start":{"line":9,"column":32},"end":{"line":9,"column":59}},"line":9},"1":{"name":"(anonymous_1)","decl":{"start":{"line":12,"column":17},"end":{"line":12,"column":18}},"loc":{"start":{"line":12,"column":27},"end":{"line":46,"column":1}},"line":12}},"branchMap":{"0":{"loc":{"start":{"line":14,"column":24},"end":{"line":14,"column":45}},"type":"cond-expr","locations":[{"start":{"line":14,"column":35},"end":{"line":14,"column":40}},{"start":{"line":14,"column":41},"end":{"line":14,"column":45}}],"line":14},"1":{"loc":{"start":{"line":15,"column":19},"end":{"line":15,"column":90}},"type":"cond-expr","locations":[{"start":{"line":15,"column":55},"end":{"line":15,"column":74}},{"start":{"line":15,"column":75},"end":{"line":15,"column":90}}],"line":15},"2":{"loc":{"start":{"line":24,"column":19},"end":{"line":24,"column":123}},"type":"binary-expr","locations":[{"start":{"line":24,"column":19},"end":{"line":24,"column":33}},{"start":{"line":24,"column":37},"end":{"line":24,"column":123}}],"line":24},"3":{"loc":{"start":{"line":25,"column":21},"end":{"line":28,"column":27}},"type":"binary-expr","locations":[{"start":{"line":25,"column":21},"end":{"line":25,"column":34}},{"start":{"line":25,"column":37},"end":{"line":28,"column":27}}],"line":25},"4":{"loc":{"start":{"line":29,"column":20},"end":{"line":32,"column":27}},"type":"binary-expr","locations":[{"start":{"line":29,"column":20},"end":{"line":29,"column":34}},{"start":{"line":29,"column":37},"end":{"line":32,"column":27}}],"line":29}},"s":{"0":0,"1":1,"2":1,"3":0,"4":0,"5":0,"6":0,"7":1},"f":{"0":0,"1":0},"b":{"0":[0,0],"1":[0,0],"2":[0,0],"3":[0,0],"4":[0,0]},"_coverageSchema":"1a1c01bbd47fc00a2c39e90264f33305004495a9","hash":"06b0180d6fef429008c2331c5a1e5347460bea20"}
,"C:\\Users\\user\\articles-app\\components\\login\\LoginForm.js": {"path":"C:\\Users\\user\\articles-app\\components\\login\\LoginForm.js","statementMap":{"0":{"start":{"line":11,"column":32},"end":{"line":14,"column":10}},"1":{"start":{"line":16,"column":47},"end":{"line":16,"column":61}},"2":{"start":{"line":17,"column":29},"end":{"line":17,"column":63}},"3":{"start":{"line":20,"column":46},"end":{"line":20,"column":60}},"4":{"start":{"line":21,"column":33},"end":{"line":24,"column":15}},"5":{"start":{"line":22,"column":6},"end":{"line":23,"column":60}},"6":{"start":{"line":23,"column":7},"end":{"line":23,"column":31}},"7":{"start":{"line":23,"column":37},"end":{"line":23,"column":59}},"8":{"start":{"line":29,"column":31},"end":{"line":29,"column":100}},"9":{"start":{"line":30,"column":4},"end":{"line":31,"column":156}},"10":{"start":{"line":31,"column":9},"end":{"line":31,"column":153}},"11":{"start":{"line":33,"column":30},"end":{"line":33,"column":90}},"12":{"start":{"line":37,"column":6},"end":{"line":40,"column":8}},"13":{"start":{"line":44,"column":2},"end":{"line":88,"column":4}},"14":{"start":{"line":93,"column":15},"end":{"line":102,"column":2}}},"fnMap":{"0":{"name":"LoginForm","decl":{"start":{"line":10,"column":9},"end":{"line":10,"column":18}},"loc":{"start":{"line":10,"column":26},"end":{"line":89,"column":1}},"line":10},"1":{"name":"secureHandler","decl":{"start":{"line":17,"column":13},"end":{"line":17,"column":26}},"loc":{"start":{"line":17,"column":28},"end":{"line":17,"column":64}},"line":17},"2":{"name":"(anonymous_2)","decl":{"start":{"line":21,"column":44},"end":{"line":21,"column":45}},"loc":{"start":{"line":21,"column":48},"end":{"line":24,"column":5}},"line":21},"3":{"name":"inputChangedHandler","decl":{"start":{"line":28,"column":13},"end":{"line":28,"column":32}},"loc":{"start":{"line":28,"column":64},"end":{"line":32,"column":5}},"line":28},"4":{"name":"(anonymous_4)","decl":{"start":{"line":30,"column":14},"end":{"line":30,"column":15}},"loc":{"start":{"line":31,"column":8},"end":{"line":31,"column":154}},"line":31},"5":{"name":"submitHandler","decl":{"start":{"line":33,"column":13},"end":{"line":33,"column":26}},"loc":{"start":{"line":33,"column":29},"end":{"line":33,"column":91}},"line":33},"6":{"name":"cancelHandler","decl":{"start":{"line":36,"column":13},"end":{"line":36,"column":26}},"loc":{"start":{"line":36,"column":28},"end":{"line":40,"column":9}},"line":36}},"branchMap":{"0":{"loc":{"start":{"line":22,"column":6},"end":{"line":23,"column":60}},"type":"if","locations":[{"start":{"line":22,"column":6},"end":{"line":23,"column":60}},{"start":{"line":23,"column":36},"end":{"line":23,"column":60}}],"line":22},"1":{"loc":{"start":{"line":22,"column":9},"end":{"line":22,"column":121}},"type":"binary-expr","locations":[{"start":{"line":22,"column":9},"end":{"line":22,"column":32}},{"start":{"line":22,"column":34},"end":{"line":22,"column":57}},{"start":{"line":22,"column":59},"end":{"line":22,"column":89}},{"start":{"line":22,"column":91},"end":{"line":22,"column":121}}],"line":22},"2":{"loc":{"start":{"line":46,"column":64},"end":{"line":46,"column":108}},"type":"cond-expr","locations":[{"start":{"line":46,"column":88},"end":{"line":46,"column":97}},{"start":{"line":46,"column":100},"end":{"line":46,"column":108}}],"line":46}},"s":{"0":0,"1":0,"2":0,"3":0,"4":0,"5":0,"6":0,"7":0,"8":0,"9":0,"10":0,"11":0,"12":0,"13":0,"14":1},"f":{"0":0,"1":0,"2":0,"3":0,"4":0,"5":0,"6":0},"b":{"0":[0,0],"1":[0,0,0,0],"2":[0,0]},"_coverageSchema":"1a1c01bbd47fc00a2c39e90264f33305004495a9","hash":"86ddd5eec3da658528cd6a95adde2c48304dbf56"}
,"C:\\Users\\user\\articles-app\\components\\login\\Validate.js": {"path":"C:\\Users\\user\\articles-app\\components\\login\\Validate.js","statementMap":{"0":{"start":{"line":4,"column":21},"end":{"line":4,"column":25}},"1":{"start":{"line":5,"column":26},"end":{"line":5,"column":66}},"2":{"start":{"line":6,"column":34},"end":{"line":6,"column":106}},"3":{"start":{"line":9,"column":4},"end":{"line":14,"column":9}},"4":{"start":{"line":11,"column":8},"end":{"line":11,"column":108}},"5":{"start":{"line":11,"column":40},"end":{"line":11,"column":107}},"6":{"start":{"line":12,"column":8},"end":{"line":12,"column":108}},"7":{"start":{"line":12,"column":41},"end":{"line":12,"column":107}},"8":{"start":{"line":13,"column":8},"end":{"line":13,"column":48}},"9":{"start":{"line":15,"column":8},"end":{"line":27,"column":9}},"10":{"start":{"line":17,"column":28},"end":{"line":17,"column":67}},"11":{"start":{"line":18,"column":31},"end":{"line":18,"column":75}},"12":{"start":{"line":19,"column":34},"end":{"line":19,"column":70}},"13":{"start":{"line":21,"column":8},"end":{"line":21,"column":108}},"14":{"start":{"line":21,"column":40},"end":{"line":21,"column":107}},"15":{"start":{"line":22,"column":8},"end":{"line":22,"column":115}},"16":{"start":{"line":22,"column":30},"end":{"line":22,"column":114}},"17":{"start":{"line":23,"column":8},"end":{"line":23,"column":132}},"18":{"start":{"line":23,"column":40},"end":{"line":23,"column":131}},"19":{"start":{"line":24,"column":8},"end":{"line":24,"column":115}},"20":{"start":{"line":24,"column":39},"end":{"line":24,"column":114}},"21":{"start":{"line":25,"column":8},"end":{"line":25,"column":121}},"22":{"start":{"line":25,"column":39},"end":{"line":25,"column":120}},"23":{"start":{"line":26,"column":8},"end":{"line":26,"column":48}}},"fnMap":{"0":{"name":"Validate","decl":{"start":{"line":1,"column":24},"end":{"line":1,"column":32}},"loc":{"start":{"line":3,"column":0},"end":{"line":28,"column":1}},"line":3},"1":{"name":"isLowerCaseCheck","decl":{"start":{"line":6,"column":9},"end":{"line":6,"column":25}},"loc":{"start":{"line":6,"column":33},"end":{"line":6,"column":107}},"line":6}},"branchMap":{"0":{"loc":{"start":{"line":6,"column":41},"end":{"line":6,"column":105}},"type":"binary-expr","locations":[{"start":{"line":6,"column":41},"end":{"line":6,"column":71}},{"start":{"line":6,"column":75},"end":{"line":6,"column":105}}],"line":6},"1":{"loc":{"start":{"line":9,"column":4},"end":{"line":14,"column":9}},"type":"if","locations":[{"start":{"line":9,"column":4},"end":{"line":14,"column":9}},{"start":{},"end":{}}],"line":9},"2":{"loc":{"start":{"line":11,"column":8},"end":{"line":11,"column":108}},"type":"if","locations":[{"start":{"line":11,"column":8},"end":{"line":11,"column":108}},{"start":{},"end":{}}],"line":11},"3":{"loc":{"start":{"line":12,"column":8},"end":{"line":12,"column":108}},"type":"if","locations":[{"start":{"line":12,"column":8},"end":{"line":12,"column":108}},{"start":{},"end":{}}],"line":12},"4":{"loc":{"start":{"line":15,"column":8},"end":{"line":27,"column":9}},"type":"if","locations":[{"start":{"line":15,"column":8},"end":{"line":27,"column":9}},{"start":{},"end":{}}],"line":15},"5":{"loc":{"start":{"line":21,"column":8},"end":{"line":21,"column":108}},"type":"if","locations":[{"start":{"line":21,"column":8},"end":{"line":21,"column":108}},{"start":{},"end":{}}],"line":21},"6":{"loc":{"start":{"line":22,"column":8},"end":{"line":22,"column":115}},"type":"if","locations":[{"start":{"line":22,"column":8},"end":{"line":22,"column":115}},{"start":{},"end":{}}],"line":22},"7":{"loc":{"start":{"line":23,"column":8},"end":{"line":23,"column":132}},"type":"if","locations":[{"start":{"line":23,"column":8},"end":{"line":23,"column":132}},{"start":{},"end":{}}],"line":23},"8":{"loc":{"start":{"line":23,"column":11},"end":{"line":23,"column":38}},"type":"binary-expr","locations":[{"start":{"line":23,"column":11},"end":{"line":23,"column":21}},{"start":{"line":23,"column":23},"end":{"line":23,"column":38}}],"line":23},"9":{"loc":{"start":{"line":24,"column":8},"end":{"line":24,"column":115}},"type":"if","locations":[{"start":{"line":24,"column":8},"end":{"line":24,"column":115}},{"start":{},"end":{}}],"line":24},"10":{"loc":{"start":{"line":24,"column":11},"end":{"line":24,"column":37}},"type":"binary-expr","locations":[{"start":{"line":24,"column":11},"end":{"line":24,"column":21}},{"start":{"line":24,"column":23},"end":{"line":24,"column":37}}],"line":24},"11":{"loc":{"start":{"line":25,"column":8},"end":{"line":25,"column":121}},"type":"if","locations":[{"start":{"line":25,"column":8},"end":{"line":25,"column":121}},{"start":{},"end":{}}],"line":25},"12":{"loc":{"start":{"line":25,"column":11},"end":{"line":25,"column":37}},"type":"binary-expr","locations":[{"start":{"line":25,"column":11},"end":{"line":25,"column":20}},{"start":{"line":25,"column":22},"end":{"line":25,"column":37}}],"line":25}},"s":{"0":9,"1":9,"2":5,"3":9,"4":4,"5":2,"6":2,"7":1,"8":1,"9":5,"10":5,"11":5,"12":5,"13":5,"14":2,"15":3,"16":0,"17":3,"18":0,"19":3,"20":1,"21":2,"22":1,"23":1},"f":{"0":9,"1":5},"b":{"0":[5,2],"1":[4,5],"2":[2,2],"3":[1,1],"4":[5,0],"5":[2,3],"6":[0,3],"7":[0,3],"8":[3,1],"9":[1,2],"10":[3,1],"11":[1,1],"12":[2,2]},"_coverageSchema":"1a1c01bbd47fc00a2c39e90264f33305004495a9","hash":"8fa22050bf56829464bfe1ad98fc86f2a8545f57"}
,"C:\\Users\\user\\articles-app\\components\\uiComponents\\ButtonCmpt.js": {"path":"C:\\Users\\user\\articles-app\\components\\uiComponents\\ButtonCmpt.js","statementMap":{"0":{"start":{"line":7,"column":4},"end":{"line":16,"column":6}},"1":{"start":{"line":18,"column":15},"end":{"line":23,"column":2}}},"fnMap":{"0":{"name":"ButtonCmpt","decl":{"start":{"line":5,"column":16},"end":{"line":5,"column":26}},"loc":{"start":{"line":5,"column":34},"end":{"line":17,"column":1}},"line":5}},"branchMap":{"0":{"loc":{"start":{"line":10,"column":54},"end":{"line":10,"column":83}},"type":"binary-expr","locations":[{"start":{"line":10,"column":54},"end":{"line":10,"column":68}},{"start":{"line":10,"column":70},"end":{"line":10,"column":83}}],"line":10},"1":{"loc":{"start":{"line":12,"column":13},"end":{"line":12,"column":94}},"type":"binary-expr","locations":[{"start":{"line":12,"column":13},"end":{"line":12,"column":27}},{"start":{"line":12,"column":30},"end":{"line":12,"column":94}}],"line":12}},"s":{"0":0,"1":1},"f":{"0":0},"b":{"0":[0,0],"1":[0,0]},"_coverageSchema":"1a1c01bbd47fc00a2c39e90264f33305004495a9","hash":"b06281ba004a67d9ec5a5867d4413e11130d5a58"}
,"C:\\Users\\user\\articles-app\\components\\uiComponents\\DrawerHeader.js": {"path":"C:\\Users\\user\\articles-app\\components\\uiComponents\\DrawerHeader.js","statementMap":{"0":{"start":{"line":9,"column":4},"end":{"line":16,"column":2}},"1":{"start":{"line":18,"column":15},"end":{"line":25,"column":4}}},"fnMap":{"0":{"name":"DrawerHeader","decl":{"start":{"line":8,"column":24},"end":{"line":8,"column":36}},"loc":{"start":{"line":8,"column":38},"end":{"line":16,"column":3}},"line":8}},"branchMap":{},"s":{"0":0,"1":1},"f":{"0":0},"b":{},"_coverageSchema":"1a1c01bbd47fc00a2c39e90264f33305004495a9","hash":"0dbe41650749a714f803a1402693b996335e6d27"}
,"C:\\Users\\user\\articles-app\\components\\uiComponents\\Icon.js": {"path":"C:\\Users\\user\\articles-app\\components\\uiComponents\\Icon.js","statementMap":{"0":{"start":{"line":12,"column":17},"end":{"line":12,"column":29}},"1":{"start":{"line":13,"column":16},"end":{"line":13,"column":18}},"2":{"start":{"line":15,"column":8},"end":{"line":20,"column":17}}},"fnMap":{"0":{"name":"Icon","decl":{"start":{"line":11,"column":16},"end":{"line":11,"column":20}},"loc":{"start":{"line":11,"column":28},"end":{"line":20,"column":18}},"line":11}},"branchMap":{"0":{"loc":{"start":{"line":17,"column":9},"end":{"line":17,"column":94}},"type":"binary-expr","locations":[{"start":{"line":17,"column":9},"end":{"line":17,"column":31}},{"start":{"line":17,"column":34},"end":{"line":17,"column":93}}],"line":17},"1":{"loc":{"start":{"line":18,"column":9},"end":{"line":18,"column":104}},"type":"binary-expr","locations":[{"start":{"line":18,"column":9},"end":{"line":18,"column":36}},{"start":{"line":18,"column":39},"end":{"line":18,"column":103}}],"line":18},"2":{"loc":{"start":{"line":19,"column":9},"end":{"line":19,"column":92}},"type":"binary-expr","locations":[{"start":{"line":19,"column":9},"end":{"line":19,"column":30}},{"start":{"line":19,"column":33},"end":{"line":19,"column":91}}],"line":19}},"s":{"0":0,"1":0,"2":0},"f":{"0":0},"b":{"0":[0,0],"1":[0,0],"2":[0,0]},"_coverageSchema":"1a1c01bbd47fc00a2c39e90264f33305004495a9","hash":"73c53abccc9fc37ecf398e326a99fd965c72920e"}
,"C:\\Users\\user\\articles-app\\components\\uiComponents\\IconButton.js": {"path":"C:\\Users\\user\\articles-app\\components\\uiComponents\\IconButton.js","statementMap":{"0":{"start":{"line":12,"column":17},"end":{"line":12,"column":29}},"1":{"start":{"line":13,"column":16},"end":{"line":13,"column":18}},"2":{"start":{"line":15,"column":8},"end":{"line":20,"column":37}}},"fnMap":{"0":{"name":"IconButton","decl":{"start":{"line":11,"column":16},"end":{"line":11,"column":26}},"loc":{"start":{"line":11,"column":34},"end":{"line":20,"column":38}},"line":11}},"branchMap":{"0":{"loc":{"start":{"line":17,"column":9},"end":{"line":17,"column":94}},"type":"binary-expr","locations":[{"start":{"line":17,"column":9},"end":{"line":17,"column":31}},{"start":{"line":17,"column":34},"end":{"line":17,"column":93}}],"line":17},"1":{"loc":{"start":{"line":18,"column":9},"end":{"line":18,"column":104}},"type":"binary-expr","locations":[{"start":{"line":18,"column":9},"end":{"line":18,"column":36}},{"start":{"line":18,"column":39},"end":{"line":18,"column":103}}],"line":18},"2":{"loc":{"start":{"line":19,"column":9},"end":{"line":19,"column":92}},"type":"binary-expr","locations":[{"start":{"line":19,"column":9},"end":{"line":19,"column":30}},{"start":{"line":19,"column":33},"end":{"line":19,"column":91}}],"line":19}},"s":{"0":0,"1":0,"2":0},"f":{"0":0},"b":{"0":[0,0],"1":[0,0],"2":[0,0]},"_coverageSchema":"1a1c01bbd47fc00a2c39e90264f33305004495a9","hash":"0ba245e018d3d28f1636c5db4f4f48cff171508c"}
,"C:\\Users\\user\\articles-app\\components\\uiComponents\\ImageCmpt.js": {"path":"C:\\Users\\user\\articles-app\\components\\uiComponents\\ImageCmpt.js","statementMap":{"0":{"start":{"line":4,"column":4},"end":{"line":8,"column":6}},"1":{"start":{"line":11,"column":15},"end":{"line":14,"column":4}}},"fnMap":{"0":{"name":"ImageCmpt","decl":{"start":{"line":3,"column":16},"end":{"line":3,"column":25}},"loc":{"start":{"line":3,"column":33},"end":{"line":9,"column":1}},"line":3}},"branchMap":{},"s":{"0":0,"1":1},"f":{"0":0},"b":{},"_coverageSchema":"1a1c01bbd47fc00a2c39e90264f33305004495a9","hash":"467bf75e7f923e2d78808684720c48557d7408ce"}
,"C:\\Users\\user\\articles-app\\components\\uiComponents\\Input.js": {"path":"C:\\Users\\user\\articles-app\\components\\uiComponents\\Input.js","statementMap":{"0":{"start":{"line":13,"column":2},"end":{"line":44,"column":13}},"1":{"start":{"line":48,"column":15},"end":{"line":56,"column":4}}},"fnMap":{"0":{"name":"Input","decl":{"start":{"line":11,"column":9},"end":{"line":11,"column":14}},"loc":{"start":{"line":11,"column":22},"end":{"line":44,"column":14}},"line":11}},"branchMap":{"0":{"loc":{"start":{"line":15,"column":9},"end":{"line":15,"column":95}},"type":"binary-expr","locations":[{"start":{"line":15,"column":9},"end":{"line":15,"column":20}},{"start":{"line":15,"column":22},"end":{"line":15,"column":95}}],"line":15},"1":{"loc":{"start":{"line":17,"column":13},"end":{"line":19,"column":107}},"type":"binary-expr","locations":[{"start":{"line":17,"column":13},"end":{"line":17,"column":23}},{"start":{"line":18,"column":12},"end":{"line":19,"column":107}}],"line":17},"2":{"loc":{"start":{"line":18,"column":24},"end":{"line":18,"column":63}},"type":"cond-expr","locations":[{"start":{"line":18,"column":39},"end":{"line":18,"column":53}},{"start":{"line":18,"column":54},"end":{"line":18,"column":63}}],"line":18},"3":{"loc":{"start":{"line":19,"column":52},"end":{"line":19,"column":83}},"type":"cond-expr","locations":[{"start":{"line":19,"column":66},"end":{"line":19,"column":71}},{"start":{"line":19,"column":72},"end":{"line":19,"column":83}}],"line":19},"4":{"loc":{"start":{"line":24,"column":13},"end":{"line":26,"column":110}},"type":"binary-expr","locations":[{"start":{"line":24,"column":13},"end":{"line":24,"column":28}},{"start":{"line":25,"column":13},"end":{"line":26,"column":110}}],"line":24},"5":{"loc":{"start":{"line":25,"column":34},"end":{"line":25,"column":78}},"type":"cond-expr","locations":[{"start":{"line":25,"column":54},"end":{"line":25,"column":68}},{"start":{"line":25,"column":69},"end":{"line":25,"column":78}}],"line":25},"6":{"loc":{"start":{"line":27,"column":13},"end":{"line":30,"column":34}},"type":"binary-expr","locations":[{"start":{"line":27,"column":13},"end":{"line":27,"column":27}},{"start":{"line":27,"column":29},"end":{"line":27,"column":53}},{"start":{"line":27,"column":55},"end":{"line":27,"column":69}},{"start":{"line":28,"column":16},"end":{"line":30,"column":34}}],"line":27},"7":{"loc":{"start":{"line":34,"column":6},"end":{"line":37,"column":28}},"type":"binary-expr","locations":[{"start":{"line":34,"column":6},"end":{"line":34,"column":19}},{"start":{"line":34,"column":21},"end":{"line":34,"column":35}},{"start":{"line":35,"column":8},"end":{"line":37,"column":26}}],"line":34},"8":{"loc":{"start":{"line":39,"column":5},"end":{"line":42,"column":28}},"type":"binary-expr","locations":[{"start":{"line":39,"column":5},"end":{"line":39,"column":19}},{"start":{"line":39,"column":21},"end":{"line":39,"column":35}},{"start":{"line":40,"column":8},"end":{"line":42,"column":26}}],"line":39}},"s":{"0":0,"1":1},"f":{"0":0},"b":{"0":[0,0],"1":[0,0],"2":[0,0],"3":[0,0],"4":[0,0],"5":[0,0],"6":[0,0,0,0],"7":[0,0,0],"8":[0,0,0]},"_coverageSchema":"1a1c01bbd47fc00a2c39e90264f33305004495a9","hash":"e99606f9bb2d01790e435e62207b4ed8289be291"}
,"C:\\Users\\user\\articles-app\\components\\uiComponents\\LoadingOverlay.js": {"path":"C:\\Users\\user\\articles-app\\components\\uiComponents\\LoadingOverlay.js","statementMap":{"0":{"start":{"line":6,"column":2},"end":{"line":11,"column":4}},"1":{"start":{"line":16,"column":15},"end":{"line":25,"column":2}}},"fnMap":{"0":{"name":"LoadingOverlay","decl":{"start":{"line":5,"column":9},"end":{"line":5,"column":23}},"loc":{"start":{"line":5,"column":31},"end":{"line":12,"column":1}},"line":5}},"branchMap":{},"s":{"0":0,"1":1},"f":{"0":0},"b":{},"_coverageSchema":"1a1c01bbd47fc00a2c39e90264f33305004495a9","hash":"5d6f83a4f991bf0d86be73ed08411395a6a83253"}
,"C:\\Users\\user\\articles-app\\components\\uiComponents\\TextButton.js": {"path":"C:\\Users\\user\\articles-app\\components\\uiComponents\\TextButton.js","statementMap":{"0":{"start":{"line":5,"column":4},"end":{"line":11,"column":6}}},"fnMap":{"0":{"name":"TextButton","decl":{"start":{"line":4,"column":16},"end":{"line":4,"column":26}},"loc":{"start":{"line":4,"column":33},"end":{"line":12,"column":1}},"line":4}},"branchMap":{},"s":{"0":0},"f":{"0":0},"b":{},"_coverageSchema":"1a1c01bbd47fc00a2c39e90264f33305004495a9","hash":"19b6c1299d54fa18e1481d9adcb5368a477943db"}
,"C:\\Users\\user\\articles-app\\components\\uiComponents\\TextCmpt.js": {"path":"C:\\Users\\user\\articles-app\\components\\uiComponents\\TextCmpt.js","statementMap":{"0":{"start":{"line":5,"column":15},"end":{"line":5,"column":30}},"1":{"start":{"line":6,"column":4},"end":{"line":6,"column":49}},"2":{"start":{"line":6,"column":29},"end":{"line":6,"column":48}},"3":{"start":{"line":7,"column":4},"end":{"line":7,"column":59}},"4":{"start":{"line":7,"column":34},"end":{"line":7,"column":58}},"5":{"start":{"line":8,"column":4},"end":{"line":8,"column":49}},"6":{"start":{"line":8,"column":29},"end":{"line":8,"column":48}},"7":{"start":{"line":9,"column":4},"end":{"line":9,"column":63}},"8":{"start":{"line":9,"column":36},"end":{"line":9,"column":62}},"9":{"start":{"line":10,"column":4},"end":{"line":10,"column":47}},"10":{"start":{"line":10,"column":28},"end":{"line":10,"column":46}},"11":{"start":{"line":12,"column":0},"end":{"line":12,"column":72}},"12":{"start":{"line":15,"column":15},"end":{"line":22,"column":2}}},"fnMap":{"0":{"name":"TextCmpt","decl":{"start":{"line":4,"column":17},"end":{"line":4,"column":25}},"loc":{"start":{"line":4,"column":33},"end":{"line":13,"column":1}},"line":4}},"branchMap":{"0":{"loc":{"start":{"line":6,"column":4},"end":{"line":6,"column":49}},"type":"if","locations":[{"start":{"line":6,"column":4},"end":{"line":6,"column":49}},{"start":{},"end":{}}],"line":6},"1":{"loc":{"start":{"line":7,"column":4},"end":{"line":7,"column":59}},"type":"if","locations":[{"start":{"line":7,"column":4},"end":{"line":7,"column":59}},{"start":{},"end":{}}],"line":7},"2":{"loc":{"start":{"line":8,"column":4},"end":{"line":8,"column":49}},"type":"if","locations":[{"start":{"line":8,"column":4},"end":{"line":8,"column":49}},{"start":{},"end":{}}],"line":8},"3":{"loc":{"start":{"line":9,"column":4},"end":{"line":9,"column":63}},"type":"if","locations":[{"start":{"line":9,"column":4},"end":{"line":9,"column":63}},{"start":{},"end":{}}],"line":9},"4":{"loc":{"start":{"line":10,"column":4},"end":{"line":10,"column":47}},"type":"if","locations":[{"start":{"line":10,"column":4},"end":{"line":10,"column":47}},{"start":{},"end":{}}],"line":10}},"s":{"0":0,"1":0,"2":0,"3":0,"4":0,"5":0,"6":0,"7":0,"8":0,"9":0,"10":0,"11":0,"12":1},"f":{"0":0},"b":{"0":[0,0],"1":[0,0],"2":[0,0],"3":[0,0],"4":[0,0]},"_coverageSchema":"1a1c01bbd47fc00a2c39e90264f33305004495a9","hash":"f30b0ae4586c3e3278fda58f9e30eed77ffe40c9"}
,"C:\\Users\\user\\articles-app\\constants\\assets.js": {"path":"C:\\Users\\user\\articles-app\\constants\\assets.js","statementMap":{},"fnMap":{},"branchMap":{},"s":{},"f":{},"b":{},"_coverageSchema":"1a1c01bbd47fc00a2c39e90264f33305004495a9","hash":"42f81a0b6f935658d8ccaaebb37b6d9fdc1ba7bc"}
,"C:\\Users\\user\\articles-app\\constants\\theme.js": {"path":"C:\\Users\\user\\articles-app\\constants\\theme.js","statementMap":{"0":{"start":{"line":1,"column":22},"end":{"line":9,"column":3}},"1":{"start":{"line":11,"column":23},"end":{"line":19,"column":3}},"2":{"start":{"line":21,"column":23},"end":{"line":27,"column":3}},"3":{"start":{"line":29,"column":25},"end":{"line":60,"column":3}}},"fnMap":{},"branchMap":{},"s":{"0":1,"1":1,"2":1,"3":1},"f":{},"b":{},"_coverageSchema":"1a1c01bbd47fc00a2c39e90264f33305004495a9","hash":"e6215b025d7cbbabcc6f679dfafb2b069794322f"}
,"C:\\Users\\user\\articles-app\\navigation\\DrawerNavigator.js": {"path":"C:\\Users\\user\\articles-app\\navigation\\DrawerNavigator.js","statementMap":{"0":{"start":{"line":14,"column":15},"end":{"line":14,"column":38}},"1":{"start":{"line":18,"column":21},"end":{"line":18,"column":34}},"2":{"start":{"line":19,"column":4},"end":{"line":40,"column":6}},"3":{"start":{"line":22,"column":4},"end":{"line":35,"column":5}},"4":{"start":{"line":27,"column":51},"end":{"line":27,"column":82}},"5":{"start":{"line":27,"column":107},"end":{"line":27,"column":157}},"6":{"start":{"line":28,"column":51},"end":{"line":28,"column":82}},"7":{"start":{"line":28,"column":107},"end":{"line":28,"column":161}},"8":{"start":{"line":29,"column":50},"end":{"line":29,"column":81}},"9":{"start":{"line":29,"column":106},"end":{"line":29,"column":160}},"10":{"start":{"line":32,"column":50},"end":{"line":32,"column":68}},"11":{"start":{"line":32,"column":93},"end":{"line":32,"column":143}},"12":{"start":{"line":42,"column":17},"end":{"line":45,"column":4}}},"fnMap":{"0":{"name":"DrawerNav","decl":{"start":{"line":17,"column":25},"end":{"line":17,"column":34}},"loc":{"start":{"line":17,"column":36},"end":{"line":41,"column":3}},"line":17},"1":{"name":"(anonymous_1)","decl":{"start":{"line":21,"column":20},"end":{"line":21,"column":21}},"loc":{"start":{"line":21,"column":29},"end":{"line":36,"column":3}},"line":21},"2":{"name":"(anonymous_2)","decl":{"start":{"line":27,"column":47},"end":{"line":27,"column":48}},"loc":{"start":{"line":27,"column":51},"end":{"line":27,"column":82}},"line":27},"3":{"name":"(anonymous_3)","decl":{"start":{"line":27,"column":90},"end":{"line":27,"column":91}},"loc":{"start":{"line":27,"column":107},"end":{"line":27,"column":157}},"line":27},"4":{"name":"(anonymous_4)","decl":{"start":{"line":28,"column":47},"end":{"line":28,"column":48}},"loc":{"start":{"line":28,"column":51},"end":{"line":28,"column":82}},"line":28},"5":{"name":"(anonymous_5)","decl":{"start":{"line":28,"column":90},"end":{"line":28,"column":91}},"loc":{"start":{"line":28,"column":107},"end":{"line":28,"column":161}},"line":28},"6":{"name":"(anonymous_6)","decl":{"start":{"line":29,"column":46},"end":{"line":29,"column":47}},"loc":{"start":{"line":29,"column":50},"end":{"line":29,"column":81}},"line":29},"7":{"name":"(anonymous_7)","decl":{"start":{"line":29,"column":89},"end":{"line":29,"column":90}},"loc":{"start":{"line":29,"column":106},"end":{"line":29,"column":160}},"line":29},"8":{"name":"(anonymous_8)","decl":{"start":{"line":32,"column":46},"end":{"line":32,"column":47}},"loc":{"start":{"line":32,"column":50},"end":{"line":32,"column":68}},"line":32},"9":{"name":"(anonymous_9)","decl":{"start":{"line":32,"column":76},"end":{"line":32,"column":77}},"loc":{"start":{"line":32,"column":93},"end":{"line":32,"column":143}},"line":32}},"branchMap":{},"s":{"0":1,"1":0,"2":0,"3":0,"4":0,"5":0,"6":0,"7":0,"8":0,"9":0,"10":0,"11":0,"12":1},"f":{"0":0,"1":0,"2":0,"3":0,"4":0,"5":0,"6":0,"7":0,"8":0,"9":0},"b":{},"_coverageSchema":"1a1c01bbd47fc00a2c39e90264f33305004495a9","hash":"8ae7e6fa2243a2577ed5eccd9fffc8de823226a8"}
,"C:\\Users\\user\\articles-app\\navigation\\LoggedInStackNavigator.js": {"path":"C:\\Users\\user\\articles-app\\navigation\\LoggedInStackNavigator.js","statementMap":{"0":{"start":{"line":7,"column":12},"end":{"line":7,"column":40}},"1":{"start":{"line":10,"column":14},"end":{"line":13,"column":3}},"2":{"start":{"line":17,"column":4},"end":{"line":21,"column":6}}},"fnMap":{"0":{"name":"StackLoggedInNav","decl":{"start":{"line":16,"column":26},"end":{"line":16,"column":42}},"loc":{"start":{"line":16,"column":44},"end":{"line":22,"column":3}},"line":16}},"branchMap":{},"s":{"0":1,"1":1,"2":0},"f":{"0":0},"b":{},"_coverageSchema":"1a1c01bbd47fc00a2c39e90264f33305004495a9","hash":"f2eabf4b06ab8b3681de38ea927dc3e63b31f86c"}
,"C:\\Users\\user\\articles-app\\navigation\\LoginStackNavigator.js": {"path":"C:\\Users\\user\\articles-app\\navigation\\LoginStackNavigator.js","statementMap":{"0":{"start":{"line":8,"column":12},"end":{"line":8,"column":40}},"1":{"start":{"line":11,"column":14},"end":{"line":14,"column":3}},"2":{"start":{"line":17,"column":4},"end":{"line":22,"column":6}}},"fnMap":{"0":{"name":"StackLoginNav","decl":{"start":{"line":16,"column":25},"end":{"line":16,"column":38}},"loc":{"start":{"line":16,"column":40},"end":{"line":23,"column":3}},"line":16}},"branchMap":{},"s":{"0":1,"1":1,"2":0},"f":{"0":0},"b":{},"_coverageSchema":"1a1c01bbd47fc00a2c39e90264f33305004495a9","hash":"49d50e20a7f867a61669e9bfc9a98a890463e9e7"}
,"C:\\Users\\user\\articles-app\\navigation\\RootNavigator.js": {"path":"C:\\Users\\user\\articles-app\\navigation\\RootNavigator.js","statementMap":{"0":{"start":{"line":18,"column":17},"end":{"line":18,"column":65}},"1":{"start":{"line":18,"column":38},"end":{"line":18,"column":64}},"2":{"start":{"line":19,"column":2},"end":{"line":24,"column":4}},"3":{"start":{"line":28,"column":46},"end":{"line":28,"column":60}},"4":{"start":{"line":29,"column":21},"end":{"line":29,"column":34}},"5":{"start":{"line":31,"column":4},"end":{"line":38,"column":11}},"6":{"start":{"line":33,"column":28},"end":{"line":33,"column":63}},"7":{"start":{"line":34,"column":8},"end":{"line":34,"column":64}},"8":{"start":{"line":34,"column":27},"end":{"line":34,"column":63}},"9":{"start":{"line":35,"column":8},"end":{"line":35,"column":32}},"10":{"start":{"line":37,"column":6},"end":{"line":37,"column":19}},"11":{"start":{"line":40,"column":4},"end":{"line":40,"column":48}},"12":{"start":{"line":40,"column":24},"end":{"line":40,"column":47}},"13":{"start":{"line":41,"column":4},"end":{"line":41,"column":26}}},"fnMap":{"0":{"name":"Navigation","decl":{"start":{"line":17,"column":9},"end":{"line":17,"column":19}},"loc":{"start":{"line":17,"column":22},"end":{"line":25,"column":1}},"line":17},"1":{"name":"(anonymous_1)","decl":{"start":{"line":18,"column":29},"end":{"line":18,"column":30}},"loc":{"start":{"line":18,"column":38},"end":{"line":18,"column":64}},"line":18},"2":{"name":"Root","decl":{"start":{"line":27,"column":24},"end":{"line":27,"column":28}},"loc":{"start":{"line":27,"column":31},"end":{"line":42,"column":3}},"line":27},"3":{"name":"(anonymous_3)","decl":{"start":{"line":31,"column":14},"end":{"line":31,"column":15}},"loc":{"start":{"line":31,"column":20},"end":{"line":38,"column":5}},"line":31},"4":{"name":"fetchToken","decl":{"start":{"line":32,"column":21},"end":{"line":32,"column":31}},"loc":{"start":{"line":32,"column":34},"end":{"line":36,"column":7}},"line":32}},"branchMap":{"0":{"loc":{"start":{"line":21,"column":2},"end":{"line":21,"column":24}},"type":"binary-expr","locations":[{"start":{"line":21,"column":2},"end":{"line":21,"column":8}},{"start":{"line":21,"column":11},"end":{"line":21,"column":24}}],"line":21},"1":{"loc":{"start":{"line":22,"column":1},"end":{"line":22,"column":29}},"type":"binary-expr","locations":[{"start":{"line":22,"column":1},"end":{"line":22,"column":8}},{"start":{"line":22,"column":12},"end":{"line":22,"column":29}}],"line":22},"2":{"loc":{"start":{"line":34,"column":8},"end":{"line":34,"column":64}},"type":"if","locations":[{"start":{"line":34,"column":8},"end":{"line":34,"column":64}},{"start":{},"end":{}}],"line":34},"3":{"loc":{"start":{"line":40,"column":4},"end":{"line":40,"column":48}},"type":"if","locations":[{"start":{"line":40,"column":4},"end":{"line":40,"column":48}},{"start":{},"end":{}}],"line":40}},"s":{"0":0,"1":0,"2":0,"3":0,"4":0,"5":0,"6":0,"7":0,"8":0,"9":0,"10":0,"11":0,"12":0,"13":0},"f":{"0":0,"1":0,"2":0,"3":0,"4":0},"b":{"0":[0,0],"1":[0,0],"2":[0,0],"3":[0,0]},"_coverageSchema":"1a1c01bbd47fc00a2c39e90264f33305004495a9","hash":"0cc988c454d424f687eca7f6fd9f820d06b6695b"}
,"C:\\Users\\user\\articles-app\\screens\\DashboardScreen.js": {"path":"C:\\Users\\user\\articles-app\\screens\\DashboardScreen.js","statementMap":{"0":{"start":{"line":14,"column":24},"end":{"line":55,"column":1}},"1":{"start":{"line":15,"column":23},"end":{"line":15,"column":61}},"2":{"start":{"line":15,"column":44},"end":{"line":15,"column":60}},"3":{"start":{"line":16,"column":21},"end":{"line":16,"column":34}},"4":{"start":{"line":18,"column":40},"end":{"line":18,"column":51}},"5":{"start":{"line":19,"column":40},"end":{"line":19,"column":55}},"6":{"start":{"line":20,"column":55},"end":{"line":20,"column":70}},"7":{"start":{"line":23,"column":21},"end":{"line":42,"column":23}},"8":{"start":{"line":25,"column":8},"end":{"line":25,"column":28}},"9":{"start":{"line":27,"column":8},"end":{"line":39,"column":9}},"10":{"start":{"line":28,"column":27},"end":{"line":28,"column":75}},"11":{"start":{"line":29,"column":10},"end":{"line":35,"column":64}},"12":{"start":{"line":31,"column":9},"end":{"line":33,"column":49}},"13":{"start":{"line":31,"column":35},"end":{"line":31,"column":69}},"14":{"start":{"line":33,"column":16},"end":{"line":33,"column":48}},"15":{"start":{"line":35,"column":15},"end":{"line":35,"column":63}},"16":{"start":{"line":37,"column":12},"end":{"line":37,"column":89}},"17":{"start":{"line":38,"column":11},"end":{"line":38,"column":30}},"18":{"start":{"line":40,"column":8},"end":{"line":40,"column":29}},"19":{"start":{"line":41,"column":6},"end":{"line":41,"column":25}},"20":{"start":{"line":44,"column":4},"end":{"line":44,"column":68}},"21":{"start":{"line":44,"column":21},"end":{"line":44,"column":42}},"22":{"start":{"line":48,"column":8},"end":{"line":49,"column":79}},"23":{"start":{"line":49,"column":8},"end":{"line":49,"column":49}},"24":{"start":{"line":49,"column":35},"end":{"line":49,"column":47}},"25":{"start":{"line":49,"column":50},"end":{"line":49,"column":78}},"26":{"start":{"line":52,"column":4},"end":{"line":52,"column":79}},"27":{"start":{"line":52,"column":21},"end":{"line":52,"column":78}},"28":{"start":{"line":53,"column":4},"end":{"line":53,"column":67}}},"fnMap":{"0":{"name":"(anonymous_0)","decl":{"start":{"line":14,"column":24},"end":{"line":14,"column":25}},"loc":{"start":{"line":14,"column":29},"end":{"line":55,"column":1}},"line":14},"1":{"name":"(anonymous_1)","decl":{"start":{"line":15,"column":35},"end":{"line":15,"column":36}},"loc":{"start":{"line":15,"column":44},"end":{"line":15,"column":60}},"line":15},"2":{"name":"(anonymous_2)","decl":{"start":{"line":23,"column":33},"end":{"line":23,"column":34}},"loc":{"start":{"line":23,"column":41},"end":{"line":42,"column":1}},"line":23},"3":{"name":"fetchingArticles","decl":{"start":{"line":24,"column":19},"end":{"line":24,"column":35}},"loc":{"start":{"line":24,"column":37},"end":{"line":41,"column":5}},"line":24},"4":{"name":"(anonymous_4)","decl":{"start":{"line":44,"column":14},"end":{"line":44,"column":15}},"loc":{"start":{"line":44,"column":18},"end":{"line":44,"column":44}},"line":44},"5":{"name":"onEndReachedHandler","decl":{"start":{"line":46,"column":13},"end":{"line":46,"column":32}},"loc":{"start":{"line":46,"column":45},"end":{"line":50,"column":5}},"line":46},"6":{"name":"(anonymous_6)","decl":{"start":{"line":49,"column":22},"end":{"line":49,"column":23}},"loc":{"start":{"line":49,"column":35},"end":{"line":49,"column":47}},"line":49}},"branchMap":{"0":{"loc":{"start":{"line":29,"column":10},"end":{"line":35,"column":64}},"type":"if","locations":[{"start":{"line":29,"column":10},"end":{"line":35,"column":64}},{"start":{"line":35,"column":14},"end":{"line":35,"column":64}}],"line":29},"1":{"loc":{"start":{"line":31,"column":9},"end":{"line":33,"column":49}},"type":"if","locations":[{"start":{"line":31,"column":9},"end":{"line":33,"column":49}},{"start":{"line":33,"column":14},"end":{"line":33,"column":49}}],"line":31},"2":{"loc":{"start":{"line":48,"column":8},"end":{"line":49,"column":79}},"type":"if","locations":[{"start":{"line":48,"column":8},"end":{"line":49,"column":79}},{"start":{},"end":{}}],"line":48},"3":{"loc":{"start":{"line":52,"column":4},"end":{"line":52,"column":79}},"type":"if","locations":[{"start":{"line":52,"column":4},"end":{"line":52,"column":79}},{"start":{},"end":{}}],"line":52}},"s":{"0":1,"1":0,"2":0,"3":0,"4":0,"5":0,"6":0,"7":0,"8":0,"9":0,"10":0,"11":0,"12":0,"13":0,"14":0,"15":0,"16":0,"17":0,"18":0,"19":0,"20":0,"21":0,"22":0,"23":0,"24":0,"25":0,"26":0,"27":0,"28":0},"f":{"0":0,"1":0,"2":0,"3":0,"4":0,"5":0,"6":0},"b":{"0":[0,0],"1":[0,0],"2":[0,0],"3":[0,0]},"_coverageSchema":"1a1c01bbd47fc00a2c39e90264f33305004495a9","hash":"a9dcce448e50978210da3847d6e2641c7d9621ce"}
,"C:\\Users\\user\\articles-app\\screens\\LoginScreen.js": {"path":"C:\\Users\\user\\articles-app\\screens\\LoginScreen.js","statementMap":{"0":{"start":{"line":19,"column":19},"end":{"line":19,"column":32}},"1":{"start":{"line":20,"column":50},"end":{"line":20,"column":65}},"2":{"start":{"line":23,"column":6},"end":{"line":23,"column":32}},"3":{"start":{"line":24,"column":6},"end":{"line":33,"column":18}},"4":{"start":{"line":25,"column":22},"end":{"line":25,"column":53}},"5":{"start":{"line":26,"column":8},"end":{"line":26,"column":38}},"6":{"start":{"line":28,"column":8},"end":{"line":32,"column":43}},"7":{"start":{"line":29,"column":16},"end":{"line":29,"column":101}},"8":{"start":{"line":30,"column":16},"end":{"line":30,"column":43}},"9":{"start":{"line":31,"column":16},"end":{"line":31,"column":75}},"10":{"start":{"line":32,"column":16},"end":{"line":32,"column":42}},"11":{"start":{"line":34,"column":4},"end":{"line":34,"column":83}},"12":{"start":{"line":34,"column":27},"end":{"line":34,"column":82}},"13":{"start":{"line":35,"column":4},"end":{"line":49,"column":3}},"14":{"start":{"line":53,"column":19},"end":{"line":53,"column":43}},"15":{"start":{"line":54,"column":21},"end":{"line":54,"column":35}},"16":{"start":{"line":55,"column":17},"end":{"line":66,"column":4}}},"fnMap":{"0":{"name":"LoginScreen","decl":{"start":{"line":17,"column":9},"end":{"line":17,"column":20}},"loc":{"start":{"line":17,"column":28},"end":{"line":50,"column":3}},"line":17},"1":{"name":"loginHandler","decl":{"start":{"line":22,"column":17},"end":{"line":22,"column":29}},"loc":{"start":{"line":22,"column":52},"end":{"line":33,"column":19}},"line":22}},"branchMap":{"0":{"loc":{"start":{"line":28,"column":8},"end":{"line":32,"column":43}},"type":"if","locations":[{"start":{"line":28,"column":8},"end":{"line":32,"column":43}},{"start":{"line":31,"column":13},"end":{"line":32,"column":43}}],"line":28},"1":{"loc":{"start":{"line":28,"column":11},"end":{"line":28,"column":56}},"type":"binary-expr","locations":[{"start":{"line":28,"column":11},"end":{"line":28,"column":25}},{"start":{"line":28,"column":29},"end":{"line":28,"column":56}}],"line":28},"2":{"loc":{"start":{"line":34,"column":4},"end":{"line":34,"column":83}},"type":"if","locations":[{"start":{"line":34,"column":4},"end":{"line":34,"column":83}},{"start":{},"end":{}}],"line":34},"3":{"loc":{"start":{"line":54,"column":21},"end":{"line":54,"column":35}},"type":"cond-expr","locations":[{"start":{"line":54,"column":32},"end":{"line":54,"column":33}},{"start":{"line":54,"column":34},"end":{"line":54,"column":35}}],"line":54}},"s":{"0":0,"1":0,"2":0,"3":0,"4":0,"5":0,"6":0,"7":0,"8":0,"9":0,"10":0,"11":0,"12":0,"13":0,"14":1,"15":1,"16":1},"f":{"0":0,"1":0},"b":{"0":[0,0],"1":[0,0],"2":[0,0],"3":[1,0]},"_coverageSchema":"1a1c01bbd47fc00a2c39e90264f33305004495a9","hash":"a69184120102355f9067f140881aa492b6e7f387"}
,"C:\\Users\\user\\articles-app\\screens\\SplashScreen.js": {"path":"C:\\Users\\user\\articles-app\\screens\\SplashScreen.js","statementMap":{"0":{"start":{"line":10,"column":21},"end":{"line":34,"column":1}},"1":{"start":{"line":11,"column":4},"end":{"line":33,"column":6}},"2":{"start":{"line":22,"column":37},"end":{"line":22,"column":65}},"3":{"start":{"line":38,"column":17},"end":{"line":38,"column":41}},"4":{"start":{"line":39,"column":20},"end":{"line":39,"column":33}},"5":{"start":{"line":40,"column":19},"end":{"line":40,"column":33}},"6":{"start":{"line":41,"column":15},"end":{"line":57,"column":2}}},"fnMap":{"0":{"name":"(anonymous_0)","decl":{"start":{"line":10,"column":21},"end":{"line":10,"column":22}},"loc":{"start":{"line":10,"column":39},"end":{"line":34,"column":1}},"line":10},"1":{"name":"(anonymous_1)","decl":{"start":{"line":22,"column":33},"end":{"line":22,"column":34}},"loc":{"start":{"line":22,"column":37},"end":{"line":22,"column":65}},"line":22}},"branchMap":{"0":{"loc":{"start":{"line":40,"column":19},"end":{"line":40,"column":33}},"type":"cond-expr","locations":[{"start":{"line":40,"column":30},"end":{"line":40,"column":31}},{"start":{"line":40,"column":32},"end":{"line":40,"column":33}}],"line":40}},"s":{"0":1,"1":0,"2":0,"3":1,"4":1,"5":1,"6":1},"f":{"0":0,"1":0},"b":{"0":[1,0]},"_coverageSchema":"1a1c01bbd47fc00a2c39e90264f33305004495a9","hash":"3b364cbdc42dc23328a346390118fb84f5085821"}
,"C:\\Users\\user\\articles-app\\store\\articlesReducer.js": {"path":"C:\\Users\\user\\articles-app\\store\\articlesReducer.js","statementMap":{"0":{"start":{"line":3,"column":22},"end":{"line":19,"column":2}},"1":{"start":{"line":11,"column":7},"end":{"line":11,"column":88}},"2":{"start":{"line":14,"column":7},"end":{"line":14,"column":260}},"3":{"start":{"line":14,"column":61},"end":{"line":14,"column":257}},"4":{"start":{"line":17,"column":6},"end":{"line":17,"column":137}},"5":{"start":{"line":21,"column":29},"end":{"line":21,"column":64}},"6":{"start":{"line":22,"column":38},"end":{"line":22,"column":82}},"7":{"start":{"line":23,"column":27},"end":{"line":23,"column":60}}},"fnMap":{"0":{"name":"(anonymous_0)","decl":{"start":{"line":10,"column":19},"end":{"line":10,"column":20}},"loc":{"start":{"line":10,"column":38},"end":{"line":11,"column":89}},"line":10},"1":{"name":"(anonymous_1)","decl":{"start":{"line":13,"column":4},"end":{"line":13,"column":5}},"loc":{"start":{"line":13,"column":21},"end":{"line":15,"column":7}},"line":13},"2":{"name":"(anonymous_2)","decl":{"start":{"line":14,"column":55},"end":{"line":14,"column":56}},"loc":{"start":{"line":14,"column":61},"end":{"line":14,"column":257}},"line":14},"3":{"name":"(anonymous_3)","decl":{"start":{"line":16,"column":16},"end":{"line":16,"column":17}},"loc":{"start":{"line":16,"column":33},"end":{"line":18,"column":3}},"line":16}},"branchMap":{"0":{"loc":{"start":{"line":14,"column":61},"end":{"line":14,"column":257}},"type":"binary-expr","locations":[{"start":{"line":14,"column":61},"end":{"line":14,"column":124}},{"start":{"line":14,"column":126},"end":{"line":14,"column":189}},{"start":{"line":14,"column":191},"end":{"line":14,"column":257}}],"line":14}},"s":{"0":1,"1":0,"2":0,"3":0,"4":0,"5":1,"6":1,"7":1},"f":{"0":0,"1":0,"2":0,"3":0},"b":{"0":[0,0,0]},"_coverageSchema":"1a1c01bbd47fc00a2c39e90264f33305004495a9","hash":"c092269a9b68d10718230c083c47fc506056f6a4"}
,"C:\\Users\\user\\articles-app\\store\\authReducer.js": {"path":"C:\\Users\\user\\articles-app\\store\\authReducer.js","statementMap":{"0":{"start":{"line":4,"column":18},"end":{"line":14,"column":2}},"1":{"start":{"line":11,"column":39},"end":{"line":11,"column":66}},"2":{"start":{"line":11,"column":67},"end":{"line":11,"column":94}},"3":{"start":{"line":11,"column":95},"end":{"line":11,"column":138}},"4":{"start":{"line":12,"column":22},"end":{"line":12,"column":37}},"5":{"start":{"line":12,"column":38},"end":{"line":12,"column":66}},"6":{"start":{"line":12,"column":67},"end":{"line":12,"column":100}},"7":{"start":{"line":16,"column":28},"end":{"line":16,"column":58}},"8":{"start":{"line":17,"column":22},"end":{"line":17,"column":46}}},"fnMap":{"0":{"name":"(anonymous_0)","decl":{"start":{"line":11,"column":18},"end":{"line":11,"column":19}},"loc":{"start":{"line":11,"column":37},"end":{"line":11,"column":139}},"line":11},"1":{"name":"(anonymous_1)","decl":{"start":{"line":12,"column":12},"end":{"line":12,"column":13}},"loc":{"start":{"line":12,"column":21},"end":{"line":12,"column":101}},"line":12}},"branchMap":{},"s":{"0":1,"1":0,"2":0,"3":0,"4":0,"5":0,"6":0,"7":1,"8":1},"f":{"0":0,"1":0},"b":{},"_coverageSchema":"1a1c01bbd47fc00a2c39e90264f33305004495a9","hash":"6e3baa20243a411cc318f36dbdc523b3dd5a6d51"}
,"C:\\Users\\user\\articles-app\\store\\store.js": {"path":"C:\\Users\\user\\articles-app\\store\\store.js","statementMap":{"0":{"start":{"line":4,"column":22},"end":{"line":9,"column":2}}},"fnMap":{},"branchMap":{},"s":{"0":1},"f":{},"b":{},"_coverageSchema":"1a1c01bbd47fc00a2c39e90264f33305004495a9","hash":"544f3e4ce515a3c321491f7be0959ce4b4f2a50f"}
,"C:\\Users\\user\\articles-app\\util\\http.js": {"path":"C:\\Users\\user\\articles-app\\util\\http.js","statementMap":{"0":{"start":{"line":3,"column":13},"end":{"line":3,"column":41}},"1":{"start":{"line":5,"column":21},"end":{"line":5,"column":80}},"2":{"start":{"line":6,"column":18},"end":{"line":6,"column":43}},"3":{"start":{"line":7,"column":4},"end":{"line":7,"column":17}},"4":{"start":{"line":10,"column":20},"end":{"line":11,"column":114}},"5":{"start":{"line":12,"column":20},"end":{"line":12,"column":22}},"6":{"start":{"line":13,"column":3},"end":{"line":30,"column":3}},"7":{"start":{"line":14,"column":24},"end":{"line":27,"column":4}},"8":{"start":{"line":29,"column":1},"end":{"line":29,"column":27}},"9":{"start":{"line":31,"column":3},"end":{"line":31,"column":19}}},"fnMap":{"0":{"name":"login","decl":{"start":{"line":4,"column":22},"end":{"line":4,"column":27}},"loc":{"start":{"line":4,"column":48},"end":{"line":8,"column":3}},"line":4},"1":{"name":"fetchArticles","decl":{"start":{"line":9,"column":22},"end":{"line":9,"column":35}},"loc":{"start":{"line":9,"column":49},"end":{"line":32,"column":3}},"line":9}},"branchMap":{"0":{"loc":{"start":{"line":21,"column":14},"end":{"line":21,"column":146}},"type":"cond-expr","locations":[{"start":{"line":21,"column":61},"end":{"line":21,"column":139}},{"start":{"line":21,"column":140},"end":{"line":21,"column":146}}],"line":21}},"s":{"0":2,"1":1,"2":1,"3":1,"4":0,"5":0,"6":0,"7":0,"8":0,"9":0},"f":{"0":1,"1":0},"b":{"0":[0,0]},"_coverageSchema":"1a1c01bbd47fc00a2c39e90264f33305004495a9","hash":"37675c13133c668b251d6120a5003fdfae4797e4"}
}
