TN:
SF:App.js
FN:14,App
FN:17,loadFonts
FNF:2
FNH:2
FNDA:1,App
FNDA:1,loadFonts
DA:16,1
DA:18,1
DA:24,0
DA:25,0
DA:27,1
DA:28,0
LF:6
LH:3
BRDA:27,0,0,1
BRDA:27,0,1,0
BRF:2
BRH:1
end_of_record
TN:
SF:ErrorBoundary.js
FN:2,(anonymous_0)
FN:7,(anonymous_1)
FN:12,(anonymous_2)
FN:17,(anonymous_3)
FNF:4
FNH:0
FNDA:0,(anonymous_0)
FNDA:0,(anonymous_1)
FNDA:0,(anonymous_2)
FNDA:0,(anonymous_3)
DA:3,0
DA:4,0
DA:9,0
DA:12,0
DA:18,0
DA:20,0
DA:23,0
LF:7
LH:0
BRDA:18,0,0,0
BRDA:18,0,1,0
BRF:2
BRH:0
end_of_record
TN:
SF:components\dashboard\DashboardForm.js
FN:13,(anonymous_0)
FN:14,(anonymous_1)
FN:18,searchChangeHandler
FN:21,onDeletePressHandler
FN:23,(anonymous_4)
FN:24,(anonymous_5)
FN:33,(anonymous_6)
FNF:7
FNH:0
FNDA:0,(anonymous_0)
FNDA:0,(anonymous_1)
FNDA:0,searchChangeHandler
FNDA:0,onDeletePressHandler
FNDA:0,(anonymous_4)
FNDA:0,(anonymous_5)
FNDA:0,(anonymous_6)
DA:13,1
DA:14,0
DA:15,0
DA:17,0
DA:19,0
DA:20,0
DA:21,0
DA:23,0
DA:24,0
DA:25,0
DA:33,0
DA:51,1
LF:12
LH:2
BRF:0
BRH:0
end_of_record
TN:
SF:components\dashboard\Header.js
FN:13,(anonymous_0)
FN:19,(anonymous_1)
FNF:2
FNH:0
FNDA:0,(anonymous_0)
FNDA:0,(anonymous_1)
DA:13,1
DA:14,0
DA:15,0
DA:19,0
DA:41,1
LF:5
LH:2
BRF:0
BRH:0
end_of_record
TN:
SF:components\dashboard\ListItem.js
FN:9,getFormattedDate
FN:12,(anonymous_1)
FNF:2
FNH:0
FNDA:0,getFormattedDate
FNDA:0,(anonymous_1)
DA:9,0
DA:10,1
DA:12,1
DA:13,0
DA:14,0
DA:15,0
DA:16,0
DA:48,1
LF:8
LH:3
BRDA:14,0,0,0
BRDA:14,0,1,0
BRDA:15,1,0,0
BRDA:15,1,1,0
BRDA:24,2,0,0
BRDA:24,2,1,0
BRDA:25,3,0,0
BRDA:25,3,1,0
BRDA:29,4,0,0
BRDA:29,4,1,0
BRF:10
BRH:0
end_of_record
TN:
SF:components\login\LoginForm.js
FN:10,LoginForm
FN:17,secureHandler
FN:21,(anonymous_2)
FN:28,inputChangedHandler
FN:30,(anonymous_4)
FN:33,submitHandler
FN:36,cancelHandler
FNF:7
FNH:0
FNDA:0,LoginForm
FNDA:0,secureHandler
FNDA:0,(anonymous_2)
FNDA:0,inputChangedHandler
FNDA:0,(anonymous_4)
FNDA:0,submitHandler
FNDA:0,cancelHandler
DA:11,0
DA:16,0
DA:17,0
DA:20,0
DA:21,0
DA:22,0
DA:23,0
DA:29,0
DA:30,0
DA:31,0
DA:33,0
DA:37,0
DA:44,0
DA:93,1
LF:14
LH:1
BRDA:22,0,0,0
BRDA:22,0,1,0
BRDA:22,1,0,0
BRDA:22,1,1,0
BRDA:22,1,2,0
BRDA:22,1,3,0
BRDA:46,2,0,0
BRDA:46,2,1,0
BRF:8
BRH:0
end_of_record
TN:
SF:components\login\Validate.js
FN:1,Validate
FN:6,isLowerCaseCheck
FNF:2
FNH:2
FNDA:9,Validate
FNDA:5,isLowerCaseCheck
DA:4,9
DA:5,9
DA:6,5
DA:9,9
DA:11,4
DA:12,2
DA:13,1
DA:15,5
DA:17,5
DA:18,5
DA:19,5
DA:21,5
DA:22,3
DA:23,3
DA:24,3
DA:25,2
DA:26,1
LF:17
LH:17
BRDA:6,0,0,5
BRDA:6,0,1,2
BRDA:9,1,0,4
BRDA:9,1,1,5
BRDA:11,2,0,2
BRDA:11,2,1,2
BRDA:12,3,0,1
BRDA:12,3,1,1
BRDA:15,4,0,5
BRDA:15,4,1,0
BRDA:21,5,0,2
BRDA:21,5,1,3
BRDA:22,6,0,0
BRDA:22,6,1,3
BRDA:23,7,0,0
BRDA:23,7,1,3
BRDA:23,8,0,3
BRDA:23,8,1,1
BRDA:24,9,0,1
BRDA:24,9,1,2
BRDA:24,10,0,3
BRDA:24,10,1,1
BRDA:25,11,0,1
BRDA:25,11,1,1
BRDA:25,12,0,2
BRDA:25,12,1,2
BRF:26
BRH:23
end_of_record
TN:
SF:components\uiComponents\ButtonCmpt.js
FN:5,ButtonCmpt
FNF:1
FNH:0
FNDA:0,ButtonCmpt
DA:7,0
DA:18,1
LF:2
LH:1
BRDA:10,0,0,0
BRDA:10,0,1,0
BRDA:12,1,0,0
BRDA:12,1,1,0
BRF:4
BRH:0
end_of_record
TN:
SF:components\uiComponents\DrawerHeader.js
FN:8,DrawerHeader
FNF:1
FNH:0
FNDA:0,DrawerHeader
DA:9,0
DA:18,1
LF:2
LH:1
BRF:0
BRH:0
end_of_record
TN:
SF:components\uiComponents\Icon.js
FN:11,Icon
FNF:1
FNH:0
FNDA:0,Icon
DA:12,0
DA:13,0
DA:15,0
LF:3
LH:0
BRDA:17,0,0,0
BRDA:17,0,1,0
BRDA:18,1,0,0
BRDA:18,1,1,0
BRDA:19,2,0,0
BRDA:19,2,1,0
BRF:6
BRH:0
end_of_record
TN:
SF:components\uiComponents\IconButton.js
FN:11,IconButton
FNF:1
FNH:0
FNDA:0,IconButton
DA:12,0
DA:13,0
DA:15,0
LF:3
LH:0
BRDA:17,0,0,0
BRDA:17,0,1,0
BRDA:18,1,0,0
BRDA:18,1,1,0
BRDA:19,2,0,0
BRDA:19,2,1,0
BRF:6
BRH:0
end_of_record
TN:
SF:components\uiComponents\ImageCmpt.js
FN:3,ImageCmpt
FNF:1
FNH:0
FNDA:0,ImageCmpt
DA:4,0
DA:11,1
LF:2
LH:1
BRF:0
BRH:0
end_of_record
TN:
SF:components\uiComponents\Input.js
FN:11,Input
FNF:1
FNH:0
FNDA:0,Input
DA:13,0
DA:48,1
LF:2
LH:1
BRDA:15,0,0,0
BRDA:15,0,1,0
BRDA:17,1,0,0
BRDA:17,1,1,0
BRDA:18,2,0,0
BRDA:18,2,1,0
BRDA:19,3,0,0
BRDA:19,3,1,0
BRDA:24,4,0,0
BRDA:24,4,1,0
BRDA:25,5,0,0
BRDA:25,5,1,0
BRDA:27,6,0,0
BRDA:27,6,1,0
BRDA:27,6,2,0
BRDA:27,6,3,0
BRDA:34,7,0,0
BRDA:34,7,1,0
BRDA:34,7,2,0
BRDA:39,8,0,0
BRDA:39,8,1,0
BRDA:39,8,2,0
BRF:22
BRH:0
end_of_record
TN:
SF:components\uiComponents\LoadingOverlay.js
FN:5,LoadingOverlay
FNF:1
FNH:0
FNDA:0,LoadingOverlay
DA:6,0
DA:16,1
LF:2
LH:1
BRF:0
BRH:0
end_of_record
TN:
SF:components\uiComponents\TextButton.js
FN:4,TextButton
FNF:1
FNH:0
FNDA:0,TextButton
DA:5,0
LF:1
LH:0
BRF:0
BRH:0
end_of_record
TN:
SF:components\uiComponents\TextCmpt.js
FN:4,TextCmpt
FNF:1
FNH:0
FNDA:0,TextCmpt
DA:5,0
DA:6,0
DA:7,0
DA:8,0
DA:9,0
DA:10,0
DA:12,0
DA:15,1
LF:8
LH:1
BRDA:6,0,0,0
BRDA:6,0,1,0
BRDA:7,1,0,0
BRDA:7,1,1,0
BRDA:8,2,0,0
BRDA:8,2,1,0
BRDA:9,3,0,0
BRDA:9,3,1,0
BRDA:10,4,0,0
BRDA:10,4,1,0
BRF:10
BRH:0
end_of_record
TN:
SF:constants\assets.js
FNF:0
FNH:0
LF:0
LH:0
BRF:0
BRH:0
end_of_record
TN:
SF:constants\theme.js
FNF:0
FNH:0
DA:1,1
DA:11,1
DA:21,1
DA:29,1
LF:4
LH:4
BRF:0
BRH:0
end_of_record
TN:
SF:navigation\DrawerNavigator.js
FN:17,DrawerNav
FN:21,(anonymous_1)
FN:27,(anonymous_2)
FN:27,(anonymous_3)
FN:28,(anonymous_4)
FN:28,(anonymous_5)
FN:29,(anonymous_6)
FN:29,(anonymous_7)
FN:32,(anonymous_8)
FN:32,(anonymous_9)
FNF:10
FNH:0
FNDA:0,DrawerNav
FNDA:0,(anonymous_1)
FNDA:0,(anonymous_2)
FNDA:0,(anonymous_3)
FNDA:0,(anonymous_4)
FNDA:0,(anonymous_5)
FNDA:0,(anonymous_6)
FNDA:0,(anonymous_7)
FNDA:0,(anonymous_8)
FNDA:0,(anonymous_9)
DA:14,1
DA:18,0
DA:19,0
DA:22,0
DA:27,0
DA:28,0
DA:29,0
DA:32,0
DA:42,1
LF:9
LH:2
BRF:0
BRH:0
end_of_record
TN:
SF:navigation\LoggedInStackNavigator.js
FN:16,StackLoggedInNav
FNF:1
FNH:0
FNDA:0,StackLoggedInNav
DA:7,1
DA:10,1
DA:17,0
LF:3
LH:2
BRF:0
BRH:0
end_of_record
TN:
SF:navigation\LoginStackNavigator.js
FN:16,StackLoginNav
FNF:1
FNH:0
FNDA:0,StackLoginNav
DA:8,1
DA:11,1
DA:17,0
LF:3
LH:2
BRF:0
BRH:0
end_of_record
TN:
SF:navigation\RootNavigator.js
FN:17,Navigation
FN:18,(anonymous_1)
FN:27,Root
FN:31,(anonymous_3)
FN:32,fetchToken
FNF:5
FNH:0
FNDA:0,Navigation
FNDA:0,(anonymous_1)
FNDA:0,Root
FNDA:0,(anonymous_3)
FNDA:0,fetchToken
DA:18,0
DA:19,0
DA:28,0
DA:29,0
DA:31,0
DA:33,0
DA:34,0
DA:35,0
DA:37,0
DA:40,0
DA:41,0
LF:11
LH:0
BRDA:21,0,0,0
BRDA:21,0,1,0
BRDA:22,1,0,0
BRDA:22,1,1,0
BRDA:34,2,0,0
BRDA:34,2,1,0
BRDA:40,3,0,0
BRDA:40,3,1,0
BRF:8
BRH:0
end_of_record
TN:
SF:screens\DashboardScreen.js
FN:14,(anonymous_0)
FN:15,(anonymous_1)
FN:23,(anonymous_2)
FN:24,fetchingArticles
FN:44,(anonymous_4)
FN:46,onEndReachedHandler
FN:49,(anonymous_6)
FNF:7
FNH:0
FNDA:0,(anonymous_0)
FNDA:0,(anonymous_1)
FNDA:0,(anonymous_2)
FNDA:0,fetchingArticles
FNDA:0,(anonymous_4)
FNDA:0,onEndReachedHandler
FNDA:0,(anonymous_6)
DA:14,1
DA:15,0
DA:16,0
DA:18,0
DA:19,0
DA:20,0
DA:23,0
DA:25,0
DA:27,0
DA:28,0
DA:29,0
DA:31,0
DA:33,0
DA:35,0
DA:37,0
DA:38,0
DA:40,0
DA:41,0
DA:44,0
DA:48,0
DA:49,0
DA:52,0
DA:53,0
LF:23
LH:1
BRDA:29,0,0,0
BRDA:29,0,1,0
BRDA:31,1,0,0
BRDA:31,1,1,0
BRDA:48,2,0,0
BRDA:48,2,1,0
BRDA:52,3,0,0
BRDA:52,3,1,0
BRF:8
BRH:0
end_of_record
TN:
SF:screens\LoginScreen.js
FN:17,LoginScreen
FN:22,loginHandler
FNF:2
FNH:0
FNDA:0,LoginScreen
FNDA:0,loginHandler
DA:19,0
DA:20,0
DA:23,0
DA:24,0
DA:25,0
DA:26,0
DA:28,0
DA:29,0
DA:30,0
DA:31,0
DA:32,0
DA:34,0
DA:35,0
DA:53,1
DA:54,1
DA:55,1
LF:16
LH:3
BRDA:28,0,0,0
BRDA:28,0,1,0
BRDA:28,1,0,0
BRDA:28,1,1,0
BRDA:34,2,0,0
BRDA:34,2,1,0
BRDA:54,3,0,1
BRDA:54,3,1,0
BRF:8
BRH:1
end_of_record
TN:
SF:screens\SplashScreen.js
FN:10,(anonymous_0)
FN:22,(anonymous_1)
FNF:2
FNH:0
FNDA:0,(anonymous_0)
FNDA:0,(anonymous_1)
DA:10,1
DA:11,0
DA:22,0
DA:38,1
DA:39,1
DA:40,1
DA:41,1
LF:7
LH:5
BRDA:40,0,0,1
BRDA:40,0,1,0
BRF:2
BRH:1
end_of_record
TN:
SF:store\articlesReducer.js
FN:10,(anonymous_0)
FN:13,(anonymous_1)
FN:14,(anonymous_2)
FN:16,(anonymous_3)
FNF:4
FNH:0
FNDA:0,(anonymous_0)
FNDA:0,(anonymous_1)
FNDA:0,(anonymous_2)
FNDA:0,(anonymous_3)
DA:3,1
DA:11,0
DA:14,0
DA:17,0
DA:21,1
DA:22,1
DA:23,1
LF:7
LH:4
BRDA:14,0,0,0
BRDA:14,0,1,0
BRDA:14,0,2,0
BRF:3
BRH:0
end_of_record
TN:
SF:store\authReducer.js
FN:11,(anonymous_0)
FN:12,(anonymous_1)
FNF:2
FNH:0
FNDA:0,(anonymous_0)
FNDA:0,(anonymous_1)
DA:4,1
DA:11,0
DA:12,0
DA:16,1
DA:17,1
LF:5
LH:3
BRF:0
BRH:0
end_of_record
TN:
SF:store\store.js
FNF:0
FNH:0
DA:4,1
LF:1
LH:1
BRF:0
BRH:0
end_of_record
TN:
SF:util\http.js
FN:4,login
FN:9,fetchArticles
FNF:2
FNH:1
FNDA:1,login
FNDA:0,fetchArticles
DA:3,2
DA:5,1
DA:6,1
DA:7,1
DA:10,0
DA:12,0
DA:13,0
DA:14,0
DA:29,0
DA:31,0
LF:10
LH:4
BRDA:21,0,0,0
BRDA:21,0,1,0
BRF:2
BRH:0
end_of_record
